# This file contains information about inputs as read by the program

 Population size = 100
 Number of generations = 500
 Number of objective functions = 3
 Number of constraints = 0
 Number of real variables = 0
 Number of binary variables = 49
 Number of bits for binary variable 1 = 5
 Lower limit of binary variable 1 = 0.000000e+00
 Upper limit of binary variable 1 = 2.400000e+01
 Number of bits for binary variable 2 = 5
 Lower limit of binary variable 2 = 0.000000e+00
 Upper limit of binary variable 2 = 2.400000e+01
 Number of bits for binary variable 3 = 5
 Lower limit of binary variable 3 = 0.000000e+00
 Upper limit of binary variable 3 = 2.400000e+01
 Number of bits for binary variable 4 = 5
 Lower limit of binary variable 4 = 0.000000e+00
 Upper limit of binary variable 4 = 2.400000e+01
 Number of bits for binary variable 5 = 5
 Lower limit of binary variable 5 = 0.000000e+00
 Upper limit of binary variable 5 = 2.400000e+01
 Number of bits for binary variable 6 = 5
 Lower limit of binary variable 6 = 0.000000e+00
 Upper limit of binary variable 6 = 2.400000e+01
 Number of bits for binary variable 7 = 5
 Lower limit of binary variable 7 = 0.000000e+00
 Upper limit of binary variable 7 = 2.400000e+01
 Number of bits for binary variable 8 = 5
 Lower limit of binary variable 8 = 0.000000e+00
 Upper limit of binary variable 8 = 1.900000e+01
 Number of bits for binary variable 9 = 5
 Lower limit of binary variable 9 = 0.000000e+00
 Upper limit of binary variable 9 = 2.400000e+01
 Number of bits for binary variable 10 = 5
 Lower limit of binary variable 10 = 0.000000e+00
 Upper limit of binary variable 10 = 2.400000e+01
 Number of bits for binary variable 11 = 5
 Lower limit of binary variable 11 = 0.000000e+00
 Upper limit of binary variable 11 = 1.900000e+01
 Number of bits for binary variable 12 = 5
 Lower limit of binary variable 12 = 0.000000e+00
 Upper limit of binary variable 12 = 2.400000e+01
 Number of bits for binary variable 13 = 5
 Lower limit of binary variable 13 = 0.000000e+00
 Upper limit of binary variable 13 = 2.400000e+01
 Number of bits for binary variable 14 = 5
 Lower limit of binary variable 14 = 0.000000e+00
 Upper limit of binary variable 14 = 2.400000e+01
 Number of bits for binary variable 15 = 5
 Lower limit of binary variable 15 = 0.000000e+00
 Upper limit of binary variable 15 = 2.400000e+01
 Number of bits for binary variable 16 = 5
 Lower limit of binary variable 16 = 0.000000e+00
 Upper limit of binary variable 16 = 2.400000e+01
 Number of bits for binary variable 17 = 5
 Lower limit of binary variable 17 = 0.000000e+00
 Upper limit of binary variable 17 = 2.400000e+01
 Number of bits for binary variable 18 = 5
 Lower limit of binary variable 18 = 0.000000e+00
 Upper limit of binary variable 18 = 2.400000e+01
 Number of bits for binary variable 19 = 5
 Lower limit of binary variable 19 = 0.000000e+00
 Upper limit of binary variable 19 = 2.400000e+01
 Number of bits for binary variable 20 = 5
 Lower limit of binary variable 20 = 0.000000e+00
 Upper limit of binary variable 20 = 2.400000e+01
 Number of bits for binary variable 21 = 5
 Lower limit of binary variable 21 = 0.000000e+00
 Upper limit of binary variable 21 = 2.400000e+01
 Number of bits for binary variable 22 = 5
 Lower limit of binary variable 22 = 0.000000e+00
 Upper limit of binary variable 22 = 2.400000e+01
 Number of bits for binary variable 23 = 5
 Lower limit of binary variable 23 = 0.000000e+00
 Upper limit of binary variable 23 = 2.400000e+01
 Number of bits for binary variable 24 = 5
 Lower limit of binary variable 24 = 0.000000e+00
 Upper limit of binary variable 24 = 2.400000e+01
 Number of bits for binary variable 25 = 5
 Lower limit of binary variable 25 = 0.000000e+00
 Upper limit of binary variable 25 = 2.400000e+01
 Number of bits for binary variable 26 = 5
 Lower limit of binary variable 26 = 0.000000e+00
 Upper limit of binary variable 26 = 2.400000e+01
 Number of bits for binary variable 27 = 5
 Lower limit of binary variable 27 = 0.000000e+00
 Upper limit of binary variable 27 = 2.400000e+01
 Number of bits for binary variable 28 = 5
 Lower limit of binary variable 28 = 0.000000e+00
 Upper limit of binary variable 28 = 2.400000e+01
 Number of bits for binary variable 29 = 5
 Lower limit of binary variable 29 = 0.000000e+00
 Upper limit of binary variable 29 = 2.400000e+01
 Number of bits for binary variable 30 = 5
 Lower limit of binary variable 30 = 0.000000e+00
 Upper limit of binary variable 30 = 2.400000e+01
 Number of bits for binary variable 31 = 5
 Lower limit of binary variable 31 = 0.000000e+00
 Upper limit of binary variable 31 = 2.400000e+01
 Number of bits for binary variable 32 = 5
 Lower limit of binary variable 32 = 0.000000e+00
 Upper limit of binary variable 32 = 2.400000e+01
 Number of bits for binary variable 33 = 5
 Lower limit of binary variable 33 = 0.000000e+00
 Upper limit of binary variable 33 = 2.400000e+01
 Number of bits for binary variable 34 = 5
 Lower limit of binary variable 34 = 0.000000e+00
 Upper limit of binary variable 34 = 2.400000e+01
 Number of bits for binary variable 35 = 5
 Lower limit of binary variable 35 = 0.000000e+00
 Upper limit of binary variable 35 = 2.400000e+01
 Number of bits for binary variable 36 = 5
 Lower limit of binary variable 36 = 0.000000e+00
 Upper limit of binary variable 36 = 2.400000e+01
 Number of bits for binary variable 37 = 5
 Lower limit of binary variable 37 = 0.000000e+00
 Upper limit of binary variable 37 = 2.400000e+01
 Number of bits for binary variable 38 = 5
 Lower limit of binary variable 38 = 0.000000e+00
 Upper limit of binary variable 38 = 2.400000e+01
 Number of bits for binary variable 39 = 5
 Lower limit of binary variable 39 = 0.000000e+00
 Upper limit of binary variable 39 = 2.400000e+01
 Number of bits for binary variable 40 = 5
 Lower limit of binary variable 40 = 0.000000e+00
 Upper limit of binary variable 40 = 2.400000e+01
 Number of bits for binary variable 41 = 5
 Lower limit of binary variable 41 = 0.000000e+00
 Upper limit of binary variable 41 = 2.400000e+01
 Number of bits for binary variable 42 = 5
 Lower limit of binary variable 42 = 0.000000e+00
 Upper limit of binary variable 42 = 2.400000e+01
 Number of bits for binary variable 43 = 5
 Lower limit of binary variable 43 = 0.000000e+00
 Upper limit of binary variable 43 = 2.400000e+01
 Number of bits for binary variable 44 = 5
 Lower limit of binary variable 44 = 0.000000e+00
 Upper limit of binary variable 44 = 2.400000e+01
 Number of bits for binary variable 45 = 5
 Lower limit of binary variable 45 = 0.000000e+00
 Upper limit of binary variable 45 = 2.400000e+01
 Number of bits for binary variable 46 = 5
 Lower limit of binary variable 46 = 0.000000e+00
 Upper limit of binary variable 46 = 2.400000e+01
 Number of bits for binary variable 47 = 5
 Lower limit of binary variable 47 = 0.000000e+00
 Upper limit of binary variable 47 = 2.400000e+01
 Number of bits for binary variable 48 = 5
 Lower limit of binary variable 48 = 0.000000e+00
 Upper limit of binary variable 48 = 2.400000e+01
 Number of bits for binary variable 49 = 5
 Lower limit of binary variable 49 = 0.000000e+00
 Upper limit of binary variable 49 = 2.400000e+01
 Probability of crossover of binary variable = 7.500000e-01
 Probability of mutation of binary variable = 2.040820e-02
 Seed for random number generator = 7.000000e-01
 Number of crossover of binary variable = 916541
 Number of mutation of binary variable = 249567